2, 5, 2, 10
5.845624614596147683e-01 5.648096296066733579e-01 5.682213381115869266e-01 6.215336223199268151e-01 5.508017025942884004e-01 6.137314826176851756e-01 5.999869114790267188e-01 5.646990247674890107e-01 5.341584083489177015e-01 5.467967216740076131e-01
5.885788094894954803e-01 5.524469126354564219e-01 5.818231398701960710e-01 5.789846262416323830e-01 5.802190538120504115e-01 5.768824376403846044e-01 5.991517579965568441e-01 5.544860696177518200e-01 5.371273205379889504e-01 5.849846941247326404e-01
5.819795784443854147e-01 6.201964306304144081e-01 5.652663007708087495e-01 5.415903429434398841e-01 6.110581291395557058e-01 6.343129781013039370e-01 5.318107097535520467e-01 5.569166038780306582e-01 6.110593111274869038e-01 5.587524661853799923e-01
5.879777465187163710e-01 5.893518343311562324e-01 5.467609941080688873e-01 5.981899819151482722e-01 5.507045245434201153e-01 6.145917200632118327e-01 5.636382764914698029e-01 5.566399177989443947e-01 5.608682764982415581e-01 5.366760599232422990e-01
5.437970835603476161e-01 5.745567491218557254e-01 5.722673406472077451e-01 6.147791608545645214e-01 5.822513804242417379e-01 5.740953029227198190e-01 5.748259984597526850e-01 5.743512241787640527e-01 5.722953754063027088e-01 5.477454955220515398e-01
5.326804120420605138e-01 5.452946869688479747e-01 6.238269716574460499e-01 5.933534319189901485e-01 5.674543102484663759e-01 5.829954944020114826e-01 5.686418491001503650e-01 6.137031233281409204e-01 5.687569141827285568e-01 5.586455171465580793e-01
6.160283200648608570e-01 5.738733204342516547e-01 5.814046355957480650e-01 5.756129136249532596e-01 5.836451290866373487e-01 5.416246412427184742e-01 5.752235561682492726e-01 6.091151241881255229e-01 5.447892679189874077e-01 5.508471935328452807e-01
6.033706214619678487e-01 5.840489646872958351e-01 6.079812777716052663e-01 5.578509621889643499e-01 5.744712896809823777e-01 5.547816229467017468e-01 5.431925015894728537e-01 5.818020934261912691e-01 5.419366267447975893e-01 5.597740760306468832e-01
5.697015813152215280e-01 6.033134923959539986e-01 5.738586741671222180e-01 5.867641922589894588e-01 5.155172788100981229e-01 6.033947816718122636e-01 5.769529681680243272e-01 5.823491053147749064e-01 5.593122317105604369e-01 5.872901074716441183e-01
5.512525160448766837e-01 6.047010106888098813e-01 5.403204776291765654e-01 5.823290484250324139e-01 5.303973532133079427e-01 6.118686924109587588e-01 5.736828775897951926e-01 5.765085700688842296e-01 5.450285402943519930e-01 5.528756705197420684e-01
5.811125723550186750e-01 6.208340926896734890e-01 5.805649890653624690e-01 6.051086702862301658e-01 6.136555701713890532e-01 5.490852477948847676e-01 5.740927908871624741e-01 5.289053830526384559e-01 5.653164066026485912e-01 6.038531702039282578e-01
5.307592755815893071e-01 5.709697151652718405e-01 5.314988720182705073e-01 5.857883089883321182e-01 5.872863162061798814e-01 5.751589619410418797e-01 6.057861295027580084e-01 5.959051124001017996e-01 5.768596152855078874e-01 5.922227988079080685e-01
5.311942919219762027e-01 5.967893825994955437e-01 5.688950227578090102e-01 5.502000742520981591e-01 5.764117019768135730e-01 5.781151180771118003e-01 5.733076626897151140e-01 5.735957644861512383e-01 5.356515369192681453e-01 6.174786408644636904e-01
5.792047861275166909e-01 5.517043743731055994e-01 5.749333767398862038e-01 5.798129026368443739e-01 5.915595416794244832e-01 5.734430986481744430e-01 5.977615648903483736e-01 5.562133661652080008e-01 5.532102131579959003e-01 5.699967957245922756e-01
5.556063992322918255e-01 6.230735655791636018e-01 5.630029828015358229e-01 5.903327611506131722e-01 5.406510462339152445e-01 6.102088115724942918e-01 6.038727261656917644e-01 5.461465860614026502e-01 5.514671112747098203e-01 6.054669183653753617e-01
6.087817833092843411e-01 5.545467538095516513e-01 5.517541311443291407e-01 6.036223250759321646e-01 5.725752068386030791e-01 5.686372328156042988e-01 6.023867373384480528e-01 5.606330678562567726e-01 5.580714658378675974e-01 5.490898233666759998e-01
5.352234748552883170e-01 6.105857734598164610e-01 5.589728126947651754e-01 5.618608755034368851e-01 6.208771630499227978e-01 5.704797471184694935e-01 5.739067148517917882e-01 5.952944238590081039e-01 5.773678349482046501e-01 5.856063747435296118e-01
5.929845761784459102e-01 6.266296623087046491e-01 5.271220607019466708e-01 6.148988172521755446e-01 5.708385931478964226e-01 5.449038126691260198e-01 5.401465599894230696e-01 5.854056996707541760e-01 5.791458401105913367e-01 5.627242427786093293e-01
5.989872167416333548e-01 5.282398589705952219e-01 6.176536046609245600e-01 5.306078151637272367e-01 5.734418731649618683e-01 6.628352810768296521e-01 6.217447613029574160e-01 5.641443503869546516e-01 5.518759855181344376e-01 5.512579496428187120e-01
5.414343072527972867e-01 5.934602807136366565e-01 5.781334565371202272e-01 5.462833363242465268e-01 5.556105313049194416e-01 5.595512174124799287e-01 5.890963875690901075e-01 5.740068460418785712e-01 6.007916811643126964e-01 5.861616478798137297e-01
