2, 5, 2, 10
5.521280144240096055e-01 6.211655735969543457e-01 5.642731476767349763e-01 5.244068170941139639e-01 5.659468497632469397e-01 5.829939457063886277e-01 5.488733122038313983e-01 5.947939008108228398e-01 6.071627151761066488e-01 5.606951203188087485e-01
5.701885401946478193e-01 5.398368817143124332e-01 5.680642137509891443e-01 5.613789020943700248e-01 5.730865992404319265e-01 5.760318260520915778e-01 5.811346977290122728e-01 5.914555121698309437e-01 5.181399037562658405e-01 5.421608289571007155e-01
5.701252013499784610e-01 5.642428702745742042e-01 5.978816684692439543e-01 5.798433920968076860e-01 5.472967049120684990e-01 5.487053146819225180e-01 5.352575430413135660e-01 5.928911820822910794e-01 5.759198817925605951e-01 5.666344732558697972e-01
5.675978136252888273e-01 5.508076500980508827e-01 5.664846752140972885e-01 5.927514507817401856e-01 5.846826116341630186e-01 5.699683293077810742e-01 5.857290281417621980e-01 5.519793322103908606e-01 5.682716296404527467e-01 5.834532342027387575e-01
5.770129967935982984e-01 5.226378862629358357e-01 5.852123985858748156e-01 5.643513457488076313e-01 5.852832351914202258e-01 5.417422461861182148e-01 6.010853803421414288e-01 5.802365384757958156e-01 5.497955936178821057e-01 5.482665010400720185e-01
5.683418108393912815e-01 6.044808315703558144e-01 5.939674952985027900e-01 5.443811618725263868e-01 5.527107733180540716e-01 5.722783163958744534e-01 5.715156868283227665e-01 5.723423761583370517e-01 5.479361472756621998e-01 5.709632049321542446e-01
5.952821611406761138e-01 5.508091938876402693e-01 6.292092661014060395e-01 5.598084220722208126e-01 5.564845045456429107e-01 5.599319093496851751e-01 5.953686971775730141e-01 5.441475302639992018e-01 5.804318828137559061e-01 5.145257403135885532e-01
5.542560197262035304e-01 5.742772640408696505e-01 5.408114773342591608e-01 5.404570013357907765e-01 5.819927992926182680e-01 5.736772700668260061e-01 5.822999415145752033e-01 5.578924112882309716e-01 5.752603364810896514e-01 5.878214863945869784e-01
5.326426320825345950e-01 5.760266134282001627e-01 5.673827147454535424e-01 5.476070260240053500e-01 5.425702372259237904e-01 5.892025406589086467e-01 6.105784775291086541e-01 5.557899425305078411e-01 5.400306392067480976e-01 5.939841245550487869e-01
6.132634046474361167e-01 5.805973994936931559e-01 5.904895273707715386e-01 5.563867645708876486e-01 5.586892523109473485e-01 5.468560210463455640e-01 5.868835025981837816e-01 5.259214901074730220e-01 5.884148248583443985e-01 5.312521863335181171e-01
5.716451380134287552e-01 5.450418380613115676e-01 5.313918693059784815e-01 5.273298955813087163e-01 5.842552104511776756e-01 5.542134639672038343e-01 5.977469627042952816e-01 5.780131377517737645e-01 6.206665667327674329e-01 5.569015160678938425e-01
5.623623827178467760e-01 5.779912932352586630e-01 5.425056545681683495e-01 5.396172044025299153e-01 5.433015414772220941e-01 5.898619007126998381e-01 5.556545029108296285e-01 5.756965444334015691e-01 5.748242157390135443e-01 5.799010067958503267e-01
6.135772887441262036e-01 5.585393281035693214e-01 5.826248205850399486e-01 5.572553082238836941e-01 5.550515408597941347e-01 5.535591610819466935e-01 5.565571483288701549e-01 5.818731622994678387e-01 5.616995487224850647e-01 5.743308745379529512e-01
5.982730646781793116e-01 5.747578338850335422e-01 5.458497468025150789e-01 5.294064708804615549e-01 5.084068754674175850e-01 5.714075845055264224e-01 5.937946635030704190e-01 5.555294937378650877e-01 6.099311553436064237e-01 5.555876692624290847e-01
5.577264911488860610e-01 6.172036795124081765e-01 5.331743967328083089e-01 5.592740371420577006e-01 5.714339243399130241e-01 5.725173634598237360e-01 5.843852787697344509e-01 5.890220060981169459e-01 5.714806454480426678e-01 5.514707700040475391e-01
5.908927086893951408e-01 5.791710300293250180e-01 5.283394945048582869e-01 5.526625348543359184e-01 5.667834475233748392e-01 5.291520524083542787e-01 5.651051939558924264e-01 6.175724090024352630e-01 5.375680108474572005e-01 6.253552088280567300e-01
5.582331436188254781e-01 5.246146539505341932e-01 5.773518552651276670e-01 5.843636327645116424e-01 5.578639852912771202e-01 6.057274194402249012e-01 5.546587620671902252e-01 5.808545073508044609e-01 5.496070711559979394e-01 6.022493783613387386e-01
5.545108918400173392e-01 6.224264338502719651e-01 5.336255871253752225e-01 5.904224971881369965e-01 5.931196305031272153e-01 5.545280588932646193e-01 5.710540697234854912e-01 5.510243615295729036e-01 5.640126794796318510e-01 5.670647508389240476e-01
5.295052540821850728e-01 5.601395848927978038e-01 5.982172758631976173e-01 5.836484161290255157e-01 5.557747376345885115e-01 5.894380078561768377e-01 5.754808798176064277e-01 5.546208943723167639e-01 5.723234614224632644e-01 5.860804736028432105e-01
6.081673472552595605e-01 5.449638070872726558e-01 5.582486830413780909e-01 5.408751318730066204e-01 5.660623541921011581e-01 5.650610589863920286e-01 5.529243286323781703e-01 5.666578773052158846e-01 5.697477754269536510e-01 5.812720351781540673e-01
