2, 5, 2, 10
5.950275909103009964e-01 5.645223895513454826e-01 5.894465553379761857e-01 6.268893471513977689e-01 6.236204393665679691e-01 6.039873746747759231e-01 5.456771967744944440e-01 6.081135949573001076e-01 5.516292073509909688e-01 5.508825326434517722e-01
5.667002787247547024e-01 5.737877143981708894e-01 5.377748030116575872e-01 5.832363743453998772e-01 5.371636245994662051e-01 5.772577849301424591e-01 5.666648268113850806e-01 6.040968131960463561e-01 5.358903253547097068e-01 5.761488873776990927e-01
5.647301097967055705e-01 5.883120805098325246e-01 5.941823139530434394e-01 5.596831868555973699e-01 5.674179300336346099e-01 5.162945032412648017e-01 6.068484190055134508e-01 6.057727525802443225e-01 5.430169814341777590e-01 5.658593018898506743e-01
5.760342988812755527e-01 5.301770780976925446e-01 5.905816970937668442e-01 5.802320839439035760e-01 5.575026286907804884e-01 5.763323810821083804e-01 5.557562543367577934e-01 5.612370342528790745e-01 6.005626814371245459e-01 5.822028677352230064e-01
5.744131643615520977e-01 5.532551483967380612e-01 5.843881014231089299e-01 5.670672697575730448e-01 5.607386284143976996e-01 5.861794038398845386e-01 6.216468030463272454e-01 5.470535153253072158e-01 5.758016461675817821e-01 5.827649099528057208e-01
6.162683641054353956e-01 5.283960533815753591e-01 5.966690611780715026e-01 5.958512512559679397e-01 5.596656301390626753e-01 5.650629699962438357e-01 5.860333025309025778e-01 5.935272777988518378e-01 5.692465120070689943e-01 5.434375932527115705e-01
5.783568379921442126e-01 5.567473477754897315e-01 5.957411802957333080e-01 5.638903549320867237e-01 5.649175484291751870e-01 5.583328821442343770e-01 5.788393019165395392e-01 5.828768379565245628e-01 5.901256828987627712e-01 6.263405901794059094e-01
5.560171077996400868e-01 5.716774697971578334e-01 5.622837886177644018e-01 6.066316234391796458e-01 5.868379630386389989e-01 5.841514245590940790e-01 5.469095413309935649e-01 6.355084878660244296e-01 5.555083526147378548e-01 5.446304801933888884e-01
5.751785211141596799e-01 5.877050752282435564e-01 6.042007175651756823e-01 5.954224585901021216e-01 6.049674238268222259e-01 5.482608889771913852e-01 5.783594032470366075e-01 5.647465284977849498e-01 6.029416029810612532e-01 5.691863103639288601e-01
5.587673368009048458e-01 5.604114854657972211e-01 6.270792099123212449e-01 5.616712281686374597e-01 6.117123835502736862e-01 5.837391335196810971e-01 5.985278925087293977e-01 5.412286720639072346e-01 6.005986822764469713e-01 6.094683689918799496e-01
5.313650337079318664e-01 5.509318417208201035e-01 6.103783942557670095e-01 6.077828888371770155e-01 6.437185504073299480e-01 5.846231162401616110e-01 5.644068802896823334e-01 5.689900725420921068e-01 5.851217080685664484e-01 5.926618839657570303e-01
5.893099737943060523e-01 5.776899604891090334e-01 5.671066012810137558e-01 5.704744597324867827e-01 5.839100774441655650e-01 5.583211001951512431e-01 5.512105894323062749e-01 5.914069567909990832e-01 5.836422068481070813e-01 5.306705996503994216e-01
6.142887100257194977e-01 5.834044979596899605e-01 5.624033411099811364e-01 5.783949911740839944e-01 5.882505743743746685e-01 5.663514775784653787e-01 5.710951231182060939e-01 6.112034001573004582e-01 5.732105229351971420e-01 5.768076987612159590e-01
5.540363722011456549e-01 5.743078295077387319e-01 5.639060570215417290e-01 6.361491973042781023e-01 5.879470663515883322e-01 5.850898001059267051e-01 5.802298913130888858e-01 5.964178221817391101e-01 5.153473671296890934e-01 5.686652098006639289e-01
5.768322450314071759e-01 5.717132243828926264e-01 5.750245131204403393e-01 5.879968022538637484e-01 6.041768408524609280e-01 5.920283260597350994e-01 5.647981325736503022e-01 5.918804480344129759e-01 5.877748453939283246e-01 6.028808185450861279e-01
5.835600468627948345e-01 6.097093073683230724e-01 5.511728155378627925e-01 5.772668991686378259e-01 5.767798908512481448e-01 5.516326705712357725e-01 5.670884097823346570e-01 5.496761869154046520e-01 6.136197272038284023e-01 6.034996973794567454e-01
6.040681924938496872e-01 5.942138525719138364e-01 5.601525188078165796e-01 5.443047271167323897e-01 5.781492844260588404e-01 5.987079177207383918e-01 6.158387967058129853e-01 5.776589622661580936e-01 5.738306558102881372e-01 5.968521985726509271e-01
5.741027162036989040e-01 5.632237392209964444e-01 5.885407174834454969e-01 5.765187388848906913e-01 6.082098513329058376e-01 5.570580414530685864e-01 6.208444880619096162e-01 5.354520217206613086e-01 5.525771930850401636e-01 5.968816874946950568e-01
5.590358215874144943e-01 5.881509587571427389e-01 5.878774202280021566e-01 6.398139675067742171e-01 5.640508414632857681e-01 5.582617187382841184e-01 5.857308413238431211e-01 5.673647366226158839e-01 5.972228006297306546e-01 5.798434786480241021e-01
5.547647900819925315e-01 5.826682348801990319e-01 5.203196921131827413e-01 5.982959122564048826e-01 5.889420777339606783e-01 6.006226385840619519e-01 5.866840395353349891e-01 6.395966847054203042e-01 5.575356966740375730e-01 5.747952773910774971e-01
