2, 2, 3, 2, 10
7.914527892115074126e-01 8.146438711398357180e-01 7.979086930394465593e-01 8.319886706092141093e-01 8.013085715600840597e-01 7.687033091188941736e-01 8.154613034438149555e-01 8.427641554312272909e-01 8.268198887897650895e-01 8.083590493155345946e-01
6.238248681751330516e-01 5.843198923279671053e-01 5.444879407378906411e-01 6.058753606581863682e-01 5.514395696818096271e-01 6.331504455948344656e-01 5.853335670669189694e-01 6.009997833126593525e-01 5.745114930138833786e-01 6.260770112642198848e-01
8.976950986828813317e-01 8.181018192293603164e-01 9.083552937542777039e-01 8.306214472585580211e-01 8.632691531860857692e-01 8.479950564938623092e-01 8.994049880955670151e-01 9.699303403826251557e-01 8.707197857723188994e-01 9.261151733796778585e-01
6.770840199393242109e-01 6.952692555854009804e-01 7.898784582972233625e-01 6.948266074757025734e-01 7.325970537832386942e-01 7.284606261686845663e-01 7.247214977805679359e-01 7.159723421279570177e-01 7.278895323926751759e-01 7.418116295952761341e-01
9.131315553605446889e-01 9.057772680933996456e-01 9.430892458711853665e-01 8.954005270683794704e-01 8.663672243933713268e-01 8.263738432153143743e-01 9.594555917477431972e-01 8.558751803065400843e-01 8.312076444414968623e-01 8.791595861425564040e-01
7.670197196721005861e-01 8.164787053768992608e-01 7.659886867466957350e-01 7.875210301589028461e-01 7.156385026634178859e-01 7.698514498861767086e-01 7.240975937034925813e-01 7.942863582686066071e-01 7.908504042930040168e-01 7.402363457609453246e-01
7.403722854389450658e-01 8.259211677591103973e-01 8.603083112023093282e-01 8.168379854804467266e-01 7.723280367160019200e-01 7.617674597358234934e-01 8.148158337618853775e-01 8.491869910050375836e-01 8.675703415120848971e-01 7.997359154558298933e-01
5.449873375482834348e-01 5.845716523889827876e-01 6.206548312079408491e-01 6.694736565653170990e-01 5.838991327426357181e-01 6.308328985289215485e-01 6.118130931397327554e-01 5.678417936004057642e-01 5.960039591613507381e-01 5.952527744910640628e-01
7.523854369762998928e-01 8.343494153725720119e-01 8.434922006850746889e-01 8.083773300015076879e-01 7.518496093058761875e-01 8.113143909768332218e-01 8.073378826242114670e-01 8.077378674279852566e-01 7.861833969263831712e-01 7.874045263637196035e-01
5.992029874217956742e-01 6.111833943781747047e-01 5.957425646026245358e-01 5.690196465508651213e-01 5.981135538227727588e-01 5.781026220438814089e-01 5.904537247498439223e-01 6.255645781242876735e-01 6.370502454789322977e-01 6.090917287060317875e-01
7.546339096870796626e-01 7.504333585720390776e-01 8.347771097459723011e-01 8.469200324660729473e-01 8.184588380176253120e-01 7.487930216133155126e-01 8.092924391608273815e-01 7.505134052667922218e-01 8.127209861975630556e-01 7.967590099470621690e-01
6.151503189858518184e-01 5.786464667583859356e-01 5.877311024677548401e-01 5.850318151844221548e-01 5.911601153579918444e-01 5.874528815324534525e-01 6.433735426872310148e-01 6.483973440432724278e-01 5.713458695341386839e-01 5.895072622293335840e-01
5.618230307702274384e-01 5.543270399588039465e-01 5.592650539752013206e-01 5.561208401323829431e-01 5.603235110603913549e-01 5.424188709376192019e-01 5.479642647050815274e-01 5.543278930960474638e-01 5.728778852291716017e-01 6.111993248544688173e-01
5.730401121486982108e-01 6.104719280025003858e-01 5.177550333430784857e-01 5.510026455950678415e-01 5.433746626101781940e-01 5.351621970644161452e-01 5.615445974417927477e-01 5.692842800435621298e-01 5.450249484920970389e-01 5.529028640039429510e-01
5.359895598163920694e-01 5.471415178488747699e-01 5.415481640900089433e-01 5.538557659495960683e-01 5.815967976754069513e-01 5.462223633354945651e-01 5.955331571564920212e-01 5.674725158062262631e-01 5.751670801083051954e-01 5.511881501141578932e-01
5.603811711054627054e-01 5.119655767149069447e-01 5.912159476291928284e-01 5.588829029690135508e-01 5.626188931066807841e-01 5.503243581375852900e-01 6.063246543928797472e-01 5.203102913476911340e-01 5.379788435501313693e-01 5.727255038312963897e-01
5.750541380024014604e-01 5.510202723141091052e-01 5.441281073509328658e-01 5.596693118608554451e-01 5.491698142644521052e-01 5.433960009997834684e-01 6.088820549428316520e-01 5.320550393706749981e-01 5.963240651006487258e-01 5.981280285984058587e-01
5.331189170836524438e-01 5.250348475846376983e-01 5.422201907898342998e-01 5.566409403041774340e-01 5.824126579251863722e-01 5.503440889591666441e-01 5.772126173504447122e-01 5.910369264698731584e-01 5.411351153979430118e-01 5.630283374751229308e-01
6.184714261632231480e-01 5.510970105117311002e-01 5.435839513595918104e-01 5.433818529513310125e-01 5.447877708465519442e-01 5.840376262582783751e-01 5.621622234802574614e-01 5.711390050974759491e-01 5.284161847405117740e-01 5.519225046734259621e-01
5.501056250031555184e-01 5.336254429465722149e-01 5.493952759360798410e-01 5.721123274919148738e-01 5.578501973603222641e-01 5.445276842949138274e-01 5.732446722960882202e-01 5.880649453006153715e-01 5.708016146898855503e-01 5.695189231736653701e-01
5.481991086216920772e-01 5.842125891028223661e-01 5.757367771292787317e-01 5.583916094144966147e-01 5.693140768008970731e-01 5.828415508352274843e-01 5.402232967957817378e-01 5.488187395384036549e-01 5.503936363818897615e-01 5.382815050258683565e-01
5.829635519532062604e-01 5.022851325370170095e-01 5.673800033199113413e-01 5.491515907667192664e-01 5.422187056529726989e-01 5.321367857863334994e-01 5.788404749710963637e-01 5.508833502668712967e-01 5.805535407265515202e-01 5.561001811917934967e-01
5.770118987362687912e-01 5.173960612212703536e-01 6.186815692839516823e-01 5.299529190145487734e-01 5.692727792760956529e-01 5.445581337011417000e-01 5.573618356367293636e-01 5.216586100674378557e-01 5.684833886875274578e-01 6.033429343811710366e-01
4.895473610337633952e-01 5.749760447321711210e-01 5.466477567792231707e-01 5.537290714443169337e-01 5.726135297694429083e-01 5.750618395407017802e-01 5.463942801923071801e-01 5.464535704115978110e-01 5.799375106134344593e-01 5.706081610053996833e-01
