2, 5, 2, 10
6.205558163611855083e-01 5.410786118788566412e-01 6.133464188189119426e-01 5.907968079135810235e-01 5.309890075895651318e-01 5.923199896730427794e-01 5.533574749269415394e-01 5.397477948841357120e-01 5.531047969983309276e-01 5.666568062522194804e-01
5.594614792118927094e-01 5.579006513740858431e-01 5.789189479274889916e-01 5.977200758837950545e-01 5.592565264104332190e-01 5.851218694550984756e-01 5.744096637504400027e-01 5.709621340988308980e-01 5.335948824589610284e-01 5.158295620058912512e-01
5.381262589993837109e-01 5.737266536133881489e-01 5.700621499476327125e-01 6.006780811551162280e-01 5.517815007331623445e-01 5.700884230013854026e-01 5.596540785538769436e-01 5.542214370769715792e-01 5.647208050662235745e-01 5.233661337625189480e-01
5.632638524396790247e-01 5.699950868872518672e-01 5.942899738541399524e-01 5.407420159557820849e-01 5.440153201323469911e-01 5.317106925005994356e-01 5.406594680626796157e-01 5.722673866321179581e-01 5.815263162813256725e-01 5.864371494813398478e-01
5.592871954501077436e-01 5.916878390663672382e-01 5.603154040964580807e-01 5.867493844588792529e-01 5.728429028677413104e-01 5.735663776755040022e-01 5.850109730364356775e-01 5.265483369991292850e-01 5.115776203334770900e-01 5.785114914544969844e-01
5.583262327553085713e-01 5.460453343918634239e-01 5.323936985370860686e-01 5.659983114909188373e-01 5.704402100541960952e-01 6.272536005083407806e-01 5.522299947844090395e-01 5.402153824119662051e-01 5.734044556535725645e-01 5.792729151629698592e-01
5.738639665974510917e-01 5.072772716714357699e-01 6.108393502176833190e-01 5.128146669934949831e-01 5.397866097363558380e-01 5.694732045072887772e-01 5.559954280056590425e-01 5.463982328443035552e-01 5.814942458337881703e-01 5.435037208716465562e-01
5.878647755193446844e-01 5.751839783912209292e-01 5.763663425492420167e-01 5.642170739115309752e-01 5.429693223217488818e-01 5.959663836317508068e-01 5.524969626703192249e-01 5.568885595265419264e-01 5.492517850029966509e-01 5.512149476009153837e-01
5.933615031456054290e-01 5.693246843773843713e-01 5.753289188741173010e-01 6.054363375213867027e-01 5.439807463629532380e-01 5.470706669645755138e-01 5.474372331867639607e-01 5.158847889677605769e-01 5.214645505976618356e-01 5.566612764717027151e-01
5.605896214461165705e-01 5.783513500297977616e-01 5.728582799141764825e-01 5.582290672552966404e-01 5.494287353768688709e-01 5.614455781639061671e-01 5.737170806973806991e-01 5.923425061696869776e-01 5.656180561906875015e-01 5.190067792846764227e-01
5.458737732150790167e-01 6.200129517173298410e-01 6.052760886032985121e-01 5.818759809255014126e-01 5.401689503936861758e-01 5.452363521812588765e-01 6.161151444882666528e-01 5.788418769982874856e-01 5.463807019027503431e-01 5.832906747625852262e-01
6.049771390128091397e-01 5.623459386884140931e-01 5.259228544241087988e-01 5.690294337214064635e-01 5.736001746074573804e-01 5.617090724317096440e-01 5.483088203378625458e-01 5.934520299370223961e-01 5.522351131685242498e-01 5.668664527759504912e-01
5.194008090768290620e-01 5.718897128573799948e-01 5.948817174909155625e-01 5.377158855044578134e-01 5.662396699556261348e-01 6.246232746274230641e-01 5.766889088276856423e-01 5.393029758912631921e-01 5.677030535382778798e-01 5.161626768785846364e-01
5.612998329070977288e-01 5.858879645860751717e-01 5.577448618206989339e-01 5.148513848717147789e-01 5.609328079721558336e-01 6.232110827209322856e-01 5.732277937837548798e-01 5.515157454429738815e-01 5.657425253338543847e-01 5.989233549748357310e-01
5.476816198151122084e-01 5.809912488267228170e-01 5.837472993560153256e-01 5.844651328843700755e-01 5.832753610552382506e-01 5.521956587013506779e-01 5.531733391911742848e-01 5.480589614746318450e-01 5.457117807220768224e-01 6.149123482387833795e-01
5.725032779027378060e-01 5.709948970293237114e-01 5.614612820107461877e-01 5.689807598655288734e-01 5.549037888536288987e-01 5.347151171223830657e-01 5.487190698083553864e-01 5.827789719626124132e-01 6.022667977089377622e-01 5.230970849129725764e-01
5.518856743056763658e-01 5.738416030014469316e-01 6.087873778706394123e-01 5.525762422664745044e-01 5.153960150641363480e-01 5.874110782468641156e-01 5.561793255425202531e-01 5.801404335282065450e-01 5.579037913819202554e-01 5.177906202449845674e-01
5.582864069733757262e-01 5.925985073867535702e-01 5.423913442092680448e-01 5.556647402648551282e-01 5.573008726797173962e-01 5.423183272013792910e-01 5.625080540227069825e-01 5.886833306026693080e-01 5.873838217896969471e-01 5.611010797193654032e-01
5.970521661092197396e-01 5.625562832601532781e-01 6.297900200768828949e-01 5.372378434390927548e-01 5.716451958590702542e-01 6.025845382078859336e-01 5.307237409988844190e-01 5.486141767636564248e-01 5.510668266903270274e-01 5.623706183796726155e-01
5.853042424530101595e-01 5.396368410575594909e-01 5.779593412647668904e-01 5.278060524118034502e-01 5.778180311001489544e-01 5.654935456025219631e-01 5.672297408159007182e-01 6.000982828310139627e-01 5.422264943105289392e-01 5.529549630766126267e-01
