2, 2, 3, 2, 10
7.562922239303588867e-01 7.389435172080993652e-01 7.297297120094299316e-01 7.948402762413024902e-01 7.020884752273559570e-01 5.792383551597595215e-01 7.598280310630798340e-01 7.567567825317382812e-01 7.647420167922973633e-01 7.819410562515258789e-01
7.820748686790466309e-01 4.330466687679290771e-01 6.142506003379821777e-01 7.886977791786193848e-01 7.770270109176635742e-01 7.678132653236389160e-01 8.015970587730407715e-01 7.487714886665344238e-01 7.684274911880493164e-01 6.713759303092956543e-01
7.661141753196716309e-01 7.635135054588317871e-01 7.825552821159362793e-01 7.825552821159362793e-01 7.493857741355895996e-01 7.561424970626831055e-01 7.567567825317382812e-01 7.678132653236389160e-01 7.641277909278869629e-01 7.512285113334655762e-01
7.808471322059631348e-01 7.561424970626831055e-01 7.972972989082336426e-01 7.592137455940246582e-01 7.739557623863220215e-01 7.555282711982727051e-01 7.678132653236389160e-01 7.641277909278869629e-01 7.518427371978759766e-01 7.659705281257629395e-01
7.759361863136291504e-01 7.481572628021240234e-01 7.536854743957519531e-01 7.665847539901733398e-01 7.383292317390441895e-01 7.929975390434265137e-01 7.979115247726440430e-01 7.966830730438232422e-01 7.610564827919006348e-01 7.555282711982727051e-01
7.624309659004211426e-01 7.530712485313415527e-01 7.647420167922973633e-01 7.886977791786193848e-01 7.923833131790161133e-01 7.714987993240356445e-01 7.493857741355895996e-01 7.635135054588317871e-01 7.702702879905700684e-01 7.592137455940246582e-01
7.605893015861511230e-01 4.434889554977416992e-01 7.917690277099609375e-01 7.401719689369201660e-01 6.154791116714477539e-01 5.165847539901733398e-01 6.050368547439575195e-01 7.481572628021240234e-01 6.953316926956176758e-01 7.530712485313415527e-01
7.802332639694213867e-01 7.929975390434265137e-01 7.457002401351928711e-01 7.985258102416992188e-01 7.880835533142089844e-01 7.512285113334655762e-01 7.647420167922973633e-01 7.690417766571044922e-01 7.917690277099609375e-01 3.280098140239715576e-01
7.857581377029418945e-01 7.917690277099609375e-01 8.077395558357238770e-01 7.764127850532531738e-01 7.549139857292175293e-01 7.671990394592285156e-01 8.138820528984069824e-01 7.862407565116882324e-01 7.850123047828674316e-01 7.966830730438232422e-01
7.943523526191711426e-01 7.813267707824707031e-01 7.911548018455505371e-01 8.101965785026550293e-01 7.886977791786193848e-01 7.997543215751647949e-01 7.807125449180603027e-01 7.764127850532531738e-01 7.905405163764953613e-01 8.138820528984069824e-01
7.943523526191711426e-01 7.923833131790161133e-01 7.960687875747680664e-01 7.899262905120849609e-01 7.708845138549804688e-01 7.997543215751647949e-01 7.782555222511291504e-01 7.991400361061096191e-01 7.843980193138122559e-01 8.101965785026550293e-01
7.747083902359008789e-01 7.917690277099609375e-01 7.905405163764953613e-01 7.739557623863220215e-01 7.794840335845947266e-01 7.868550419807434082e-01 7.868550419807434082e-01 8.077395558357238770e-01 7.770270109176635742e-01 7.893120646476745605e-01
7.734806537628173828e-01 7.862407565116882324e-01 7.831695079803466797e-01 7.899262905120849609e-01 6.836609244346618652e-01 7.364864945411682129e-01 3.144963085651397705e-01 7.690417766571044922e-01 7.843980193138122559e-01 6.511056423187255859e-01
6.697360277175903320e-01 7.364864945411682129e-01 4.262899160385131836e-01 7.831695079803466797e-01 5.681818127632141113e-01 8.077395558357238770e-01 7.573710083961486816e-01 7.610564827919006348e-01 7.567567825317382812e-01 7.800982594490051270e-01
7.612031698226928711e-01 7.598280310630798340e-01 7.665847539901733398e-01 7.469287514686584473e-01 7.690417766571044922e-01 7.506142258644104004e-01 7.389435172080993652e-01 7.684274911880493164e-01 7.702702879905700684e-01 7.622849941253662109e-01
7.532228231430053711e-01 7.727272510528564453e-01 7.647420167922973633e-01 7.536854743957519531e-01 7.555282711982727051e-01 7.444717288017272949e-01 7.764127850532531738e-01 7.696560025215148926e-01 7.721130251884460449e-01 7.469287514686584473e-01
7.697974443435668945e-01 7.899262905120849609e-01 7.469287514686584473e-01 7.555282711982727051e-01 7.493857741355895996e-01 7.782555222511291504e-01 7.610564827919006348e-01 7.383292317390441895e-01 7.702702879905700684e-01 7.610564827919006348e-01
7.771639227867126465e-01 7.628992795944213867e-01 7.622849941253662109e-01 7.764127850532531738e-01 7.690417766571044922e-01 7.579852342605590820e-01 7.579852342605590820e-01 7.426289916038513184e-01 7.407862544059753418e-01 7.874692678451538086e-01
7.931246161460876465e-01 7.076166868209838867e-01 7.825552821159362793e-01 7.721130251884460449e-01 7.346437573432922363e-01 6.658476591110229492e-01 2.549140155315399170e-01 7.893120646476745605e-01 5.952088236808776855e-01 7.714987993240356445e-01
7.851442694664001465e-01 7.886977791786193848e-01 7.874692678451538086e-01 7.598280310630798340e-01 7.641277909278869629e-01 7.542997598648071289e-01 7.929975390434265137e-01 7.647420167922973633e-01 7.469287514686584473e-01 7.647420167922973633e-01
7.618170380592346191e-01 7.837837934494018555e-01 7.788698077201843262e-01 7.653562426567077637e-01 7.714987993240356445e-01 7.837837934494018555e-01 7.856265306472778320e-01 7.684274911880493164e-01 7.493857741355895996e-01 7.800982594490051270e-01
7.740945219993591309e-01 7.813267707824707031e-01 7.702702879905700684e-01 7.997543215751647949e-01 7.714987993240356445e-01 7.972972989082336426e-01 7.714987993240356445e-01 7.917690277099609375e-01 7.536854743957519531e-01 7.690417766571044922e-01
7.796193957328796387e-01 7.868550419807434082e-01 7.622849941253662109e-01 7.616707682609558105e-01 7.843980193138122559e-01 7.794840335845947266e-01 7.641277909278869629e-01 7.770270109176635742e-01 7.843980193138122559e-01 7.524570226669311523e-01
7.624309659004211426e-01 7.905405163764953613e-01 7.905405163764953613e-01 7.862407565116882324e-01 7.923833131790161133e-01 7.708845138549804688e-01 7.936117649078369141e-01 7.831695079803466797e-01 7.886977791786193848e-01 7.641277909278869629e-01
